Started GET "/" for ::1 at 2021-09-06 20:34:31 +0500
  [1m[35m (2.9ms)[0m  [1m[34mSELECT sqlite_version(*)[0m
Processing by Rails::WelcomeController#index as HTML
  Rendering /home/basit/.rvm/gems/ruby-3.0.1/gems/railties-6.1.4.1/lib/rails/templates/rails/welcome/index.html.erb
  Rendered /home/basit/.rvm/gems/ruby-3.0.1/gems/railties-6.1.4.1/lib/rails/templates/rails/welcome/index.html.erb (Duration: 9.0ms | Allocations: 595)
Completed 200 OK in 29ms (Views: 15.1ms | ActiveRecord: 0.0ms | Allocations: 4730)


Started GET "/" for ::1 at 2021-09-06 20:34:31 +0500
Processing by Rails::WelcomeController#index as HTML
  Rendering /home/basit/.rvm/gems/ruby-3.0.1/gems/railties-6.1.4.1/lib/rails/templates/rails/welcome/index.html.erb
  Rendered /home/basit/.rvm/gems/ruby-3.0.1/gems/railties-6.1.4.1/lib/rails/templates/rails/welcome/index.html.erb (Duration: 8.8ms | Allocations: 261)
Completed 200 OK in 18ms (Views: 15.2ms | ActiveRecord: 0.0ms | Allocations: 1174)


Started GET "/" for ::1 at 2021-09-06 20:34:48 +0500
Processing by Rails::WelcomeController#index as HTML
  Rendering /home/basit/.rvm/gems/ruby-3.0.1/gems/railties-6.1.4.1/lib/rails/templates/rails/welcome/index.html.erb
  Rendered /home/basit/.rvm/gems/ruby-3.0.1/gems/railties-6.1.4.1/lib/rails/templates/rails/welcome/index.html.erb (Duration: 0.5ms | Allocations: 46)
Completed 200 OK in 4ms (Views: 2.8ms | ActiveRecord: 0.0ms | Allocations: 459)


Started GET "/" for ::1 at 2021-09-07 12:53:22 +0500
Processing by Rails::WelcomeController#index as HTML
  Rendering /home/basit/.rvm/gems/ruby-3.0.1/gems/railties-6.1.4.1/lib/rails/templates/rails/welcome/index.html.erb
  Rendered /home/basit/.rvm/gems/ruby-3.0.1/gems/railties-6.1.4.1/lib/rails/templates/rails/welcome/index.html.erb (Duration: 0.6ms | Allocations: 46)
Completed 200 OK in 2ms (Views: 1.5ms | Allocations: 408)


Started GET "/" for ::1 at 2021-09-07 12:57:13 +0500
Processing by PagesController#index as HTML
  Rendering layout layouts/application.html.erb
  Rendering pages/index.html.erb within layouts/application
  Rendered pages/index.html.erb within layouts/application (Duration: 0.7ms | Allocations: 150)
[Webpacker] Compiling...
[Webpacker] Compiled all packs in /media/basit/f-drive/backup/ALL_PROJECTS/Udemy/Ruby on Rails/MY_CODE/rails_projects/test_app/public/packs
[Webpacker] Hash: e2a8a876c5815bee1e21
Version: webpack 4.46.0
Time: 2419ms
Built at: 09/07/2021 12:57:18 PM
                                     Asset       Size       Chunks                         Chunk Names
    js/application-e421b4aa3f716bebdab1.js    125 KiB  application  [emitted] [immutable]  application
js/application-e421b4aa3f716bebdab1.js.map    139 KiB  application  [emitted] [dev]        application
                             manifest.json  364 bytes               [emitted]              
Entrypoint application = js/application-e421b4aa3f716bebdab1.js js/application-e421b4aa3f716bebdab1.js.map
[./app/javascript/channels sync recursive _channel\.js$] ./app/javascript/channels sync _channel\.js$ 160 bytes {application} [built]
[./app/javascript/channels/index.js] 211 bytes {application} [built]
[./app/javascript/packs/application.js] 492 bytes {application} [built]
[./node_modules/webpack/buildin/module.js] (webpack)/buildin/module.js 552 bytes {application} [built]
    + 3 hidden modules

  Rendered layout layouts/application.html.erb (Duration: 4629.2ms | Allocations: 15956)
Completed 200 OK in 4634ms (Views: 4632.6ms | Allocations: 17402)


Started GET "/pages/about" for ::1 at 2021-09-07 12:57:35 +0500
Processing by PagesController#about as HTML
  Rendering layout layouts/application.html.erb
  Rendering pages/about.html.erb within layouts/application
  Rendered pages/about.html.erb within layouts/application (Duration: 16.9ms | Allocations: 131)
[Webpacker] Everything's up-to-date. Nothing to do
  Rendered layout layouts/application.html.erb (Duration: 26.3ms | Allocations: 3513)
Completed 200 OK in 30ms (Views: 27.1ms | Allocations: 4239)


Started GET "/pages/about" for ::1 at 2021-09-07 12:57:52 +0500
  
ArgumentError (Missing :controller key on routes definition, please check your routes.):
  
config/routes.rb:3:in `block in <main>'
config/routes.rb:1:in `<main>'
Started GET "/about" for ::1 at 2021-09-07 12:57:57 +0500
  
ActionController::RoutingError (No route matches [GET] "/about"):
  
Started GET "/about" for ::1 at 2021-09-07 12:58:17 +0500
  
SyntaxError (/media/basit/f-drive/backup/ALL_PROJECTS/Udemy/Ruby on Rails/MY_CODE/rails_projects/test_app/config/routes.rb:3: syntax error, unexpected local variable or method, expecting `end'
  get 'about' to: 'pages#about'
              ^~
):
  
config/routes.rb:3: syntax error, unexpected local variable or method, expecting `end'
config/routes.rb:3: syntax error, unexpected local variable or method, expecting `end'
config/routes.rb:3: syntax error, unexpected local variable or method, expecting `end'
Started GET "/about" for ::1 at 2021-09-07 12:58:37 +0500
  
SyntaxError (/media/basit/f-drive/backup/ALL_PROJECTS/Udemy/Ruby on Rails/MY_CODE/rails_projects/test_app/config/routes.rb:3: syntax error, unexpected local variable or method, expecting `end'
  get '/about' to: 'pages#about'
               ^~
):
  
config/routes.rb:3: syntax error, unexpected local variable or method, expecting `end'
config/routes.rb:3: syntax error, unexpected local variable or method, expecting `end'
config/routes.rb:3: syntax error, unexpected local variable or method, expecting `end'
Started GET "/about" for ::1 at 2021-09-07 12:58:53 +0500
Processing by PagesController#about as HTML
  Rendering layout layouts/application.html.erb
  Rendering pages/about.html.erb within layouts/application
  Rendered pages/about.html.erb within layouts/application (Duration: 0.2ms | Allocations: 62)
[Webpacker] Everything's up-to-date. Nothing to do
  Rendered layout layouts/application.html.erb (Duration: 10.4ms | Allocations: 3542)
Completed 200 OK in 13ms (Views: 11.8ms | Allocations: 4315)


Started GET "/pages/about" for ::1 at 2021-09-07 12:59:13 +0500
  
ActionController::RoutingError (No route matches [GET] "/pages/about"):
  
Started GET "/about" for ::1 at 2021-09-07 12:59:14 +0500
Processing by PagesController#about as HTML
  Rendering layout layouts/application.html.erb
  Rendering pages/about.html.erb within layouts/application
  Rendered pages/about.html.erb within layouts/application (Duration: 0.2ms | Allocations: 43)
[Webpacker] Everything's up-to-date. Nothing to do
  Rendered layout layouts/application.html.erb (Duration: 10.1ms | Allocations: 3282)
Completed 200 OK in 13ms (Views: 11.1ms | Allocations: 3736)


Started GET "/" for ::1 at 2021-09-07 12:59:17 +0500
Processing by PagesController#index as HTML
  Rendering layout layouts/application.html.erb
  Rendering pages/index.html.erb within layouts/application
  Rendered pages/index.html.erb within layouts/application (Duration: 0.3ms | Allocations: 44)
[Webpacker] Everything's up-to-date. Nothing to do
  Rendered layout layouts/application.html.erb (Duration: 8.3ms | Allocations: 3284)
Completed 200 OK in 12ms (Views: 10.8ms | Allocations: 3723)


Started GET "/" for ::1 at 2021-09-07 12:59:18 +0500
Processing by PagesController#index as HTML
  Rendering layout layouts/application.html.erb
  Rendering pages/index.html.erb within layouts/application
  Rendered pages/index.html.erb within layouts/application (Duration: 0.1ms | Allocations: 43)
[Webpacker] Everything's up-to-date. Nothing to do
  Rendered layout layouts/application.html.erb (Duration: 8.8ms | Allocations: 3283)
Completed 200 OK in 11ms (Views: 9.6ms | Allocations: 3722)


Started GET "/" for ::1 at 2021-09-07 13:00:33 +0500
Processing by PagesController#index as HTML
  Rendering layout layouts/application.html.erb
  Rendering pages/index.html.erb within layouts/application
  Rendered pages/index.html.erb within layouts/application (Duration: 2.3ms | Allocations: 1149)
  Rendered layout layouts/application.html.erb (Duration: 2.7ms | Allocations: 1224)
Completed 500 Internal Server Error in 7ms (Allocations: 2511)


  
ActionView::SyntaxErrorInTemplate (Encountered a syntax error while rendering template: check <h1>Pages#index</h1>
<p>Find me in app/views/pages/index.html.erb</p>
<%= link_to "Home Page" about_path %>
):
1:    <h1>Pages#index</h1>
2:    <p>Find me in app/views/pages/index.html.erb</p>
3:    <%= link_to "Home Page" about_path %>
  
app/views/pages/index.html.erb:3: syntax error, unexpected local variable or method, expecting ')'
app/views/pages/index.html.erb:3: syntax error, unexpected local variable or method, expecting ')'
app/views/pages/index.html.erb:3: syntax error, unexpected local variable or method, expecting ')'
app/views/pages/index.html.erb:3: syntax error, unexpected local variable or method, expecting ')'
app/views/pages/index.html.erb:3: syntax error, unexpected local variable or method, expecting ')'
app/views/pages/index.html.erb:3: syntax error, unexpected local variable or method, expecting ')'
Started GET "/" for ::1 at 2021-09-07 13:01:04 +0500
Processing by PagesController#index as HTML
  Rendering layout layouts/application.html.erb
  Rendering pages/index.html.erb within layouts/application
  Rendered pages/index.html.erb within layouts/application (Duration: 1.8ms | Allocations: 268)
[Webpacker] Everything's up-to-date. Nothing to do
  Rendered layout layouts/application.html.erb (Duration: 12.5ms | Allocations: 3904)
Completed 200 OK in 17ms (Views: 15.8ms | Allocations: 5274)


Started GET "/about" for ::1 at 2021-09-07 13:01:06 +0500
Processing by PagesController#about as HTML
  Rendering layout layouts/application.html.erb
  Rendering pages/about.html.erb within layouts/application
  Rendered pages/about.html.erb within layouts/application (Duration: 0.8ms | Allocations: 156)
[Webpacker] Everything's up-to-date. Nothing to do
  Rendered layout layouts/application.html.erb (Duration: 14.3ms | Allocations: 3394)
Completed 200 OK in 17ms (Views: 15.4ms | Allocations: 4009)


Started GET "/" for ::1 at 2021-09-07 13:01:07 +0500
Processing by PagesController#index as HTML
  Rendering layout layouts/application.html.erb
  Rendering pages/index.html.erb within layouts/application
  Rendered pages/index.html.erb within layouts/application (Duration: 1.2ms | Allocations: 76)
[Webpacker] Everything's up-to-date. Nothing to do
  Rendered layout layouts/application.html.erb (Duration: 16.3ms | Allocations: 3314)
Completed 200 OK in 18ms (Views: 17.3ms | Allocations: 3756)


Started GET "/" for ::1 at 2021-09-07 13:01:17 +0500
Processing by PagesController#index as HTML
  Rendering layout layouts/application.html.erb
  Rendering pages/index.html.erb within layouts/application
  Rendered pages/index.html.erb within layouts/application (Duration: 2.7ms | Allocations: 237)
[Webpacker] Everything's up-to-date. Nothing to do
  Rendered layout layouts/application.html.erb (Duration: 12.2ms | Allocations: 3868)
Completed 200 OK in 17ms (Views: 14.9ms | Allocations: 5182)


Started GET "/about" for ::1 at 2021-09-07 13:01:19 +0500
Processing by PagesController#about as HTML
  Rendering layout layouts/application.html.erb
  Rendering pages/about.html.erb within layouts/application
  Rendered pages/about.html.erb within layouts/application (Duration: 0.9ms | Allocations: 159)
[Webpacker] Everything's up-to-date. Nothing to do
  Rendered layout layouts/application.html.erb (Duration: 12.2ms | Allocations: 3402)
Completed 200 OK in 18ms (Views: 16.5ms | Allocations: 4757)


Started GET "/" for ::1 at 2021-09-07 13:01:19 +0500
Processing by PagesController#index as HTML
  Rendering layout layouts/application.html.erb
  Rendering pages/index.html.erb within layouts/application
  Rendered pages/index.html.erb within layouts/application (Duration: 0.3ms | Allocations: 76)
[Webpacker] Everything's up-to-date. Nothing to do
  Rendered layout layouts/application.html.erb (Duration: 12.5ms | Allocations: 3314)
Completed 200 OK in 16ms (Views: 15.1ms | Allocations: 3756)


Started GET "/about" for ::1 at 2021-09-07 13:01:20 +0500
Processing by PagesController#about as HTML
  Rendering layout layouts/application.html.erb
  Rendering pages/about.html.erb within layouts/application
  Rendered pages/about.html.erb within layouts/application (Duration: 0.3ms | Allocations: 74)
[Webpacker] Everything's up-to-date. Nothing to do
  Rendered layout layouts/application.html.erb (Duration: 13.0ms | Allocations: 4055)
Completed 200 OK in 15ms (Views: 14.4ms | Allocations: 4497)


Started GET "/" for ::1 at 2021-09-07 13:01:20 +0500
Processing by PagesController#index as HTML
  Rendering layout layouts/application.html.erb
  Rendering pages/index.html.erb within layouts/application
  Rendered pages/index.html.erb within layouts/application (Duration: 0.3ms | Allocations: 76)
[Webpacker] Everything's up-to-date. Nothing to do
  Rendered layout layouts/application.html.erb (Duration: 9.2ms | Allocations: 3314)
Completed 200 OK in 11ms (Views: 10.3ms | Allocations: 3756)


Started GET "/about" for ::1 at 2021-09-07 13:01:20 +0500
Processing by PagesController#about as HTML
  Rendering layout layouts/application.html.erb
  Rendering pages/about.html.erb within layouts/application
  Rendered pages/about.html.erb within layouts/application (Duration: 0.3ms | Allocations: 74)
[Webpacker] Everything's up-to-date. Nothing to do
  Rendered layout layouts/application.html.erb (Duration: 10.7ms | Allocations: 3313)
Completed 200 OK in 15ms (Views: 13.6ms | Allocations: 3756)


Started GET "/" for ::1 at 2021-09-07 13:01:20 +0500
Processing by PagesController#index as HTML
  Rendering layout layouts/application.html.erb
  Rendering pages/index.html.erb within layouts/application
  Rendered pages/index.html.erb within layouts/application (Duration: 0.3ms | Allocations: 76)
[Webpacker] Everything's up-to-date. Nothing to do
  Rendered layout layouts/application.html.erb (Duration: 14.3ms | Allocations: 3314)
Completed 200 OK in 16ms (Views: 15.2ms | Allocations: 3756)


Started GET "/about" for ::1 at 2021-09-07 13:01:21 +0500
Processing by PagesController#about as HTML
  Rendering layout layouts/application.html.erb
  Rendering pages/about.html.erb within layouts/application
  Rendered pages/about.html.erb within layouts/application (Duration: 0.4ms | Allocations: 74)
[Webpacker] Everything's up-to-date. Nothing to do
  Rendered layout layouts/application.html.erb (Duration: 16.1ms | Allocations: 3317)
Completed 200 OK in 20ms (Views: 18.8ms | Allocations: 3759)


Started GET "/" for ::1 at 2021-09-07 13:01:21 +0500
Processing by PagesController#index as HTML
  Rendering layout layouts/application.html.erb
  Rendering pages/index.html.erb within layouts/application
  Rendered pages/index.html.erb within layouts/application (Duration: 0.3ms | Allocations: 76)
[Webpacker] Everything's up-to-date. Nothing to do
  Rendered layout layouts/application.html.erb (Duration: 13.0ms | Allocations: 3314)
Completed 200 OK in 15ms (Views: 14.0ms | Allocations: 3756)


Started GET "/about" for ::1 at 2021-09-07 13:01:21 +0500
Processing by PagesController#about as HTML
  Rendering layout layouts/application.html.erb
  Rendering pages/about.html.erb within layouts/application
  Rendered pages/about.html.erb within layouts/application (Duration: 0.3ms | Allocations: 74)
[Webpacker] Everything's up-to-date. Nothing to do
  Rendered layout layouts/application.html.erb (Duration: 9.7ms | Allocations: 3312)
Completed 200 OK in 12ms (Views: 10.7ms | Allocations: 3754)


Started GET "/" for ::1 at 2021-09-07 13:01:21 +0500
Processing by PagesController#index as HTML
  Rendering layout layouts/application.html.erb
  Rendering pages/index.html.erb within layouts/application
  Rendered pages/index.html.erb within layouts/application (Duration: 0.4ms | Allocations: 76)
[Webpacker] Everything's up-to-date. Nothing to do
  Rendered layout layouts/application.html.erb (Duration: 19.2ms | Allocations: 3314)
Completed 200 OK in 26ms (Views: 24.1ms | Allocations: 3756)


Started GET "/about" for ::1 at 2021-09-07 13:01:21 +0500
Processing by PagesController#about as HTML
  Rendering layout layouts/application.html.erb
  Rendering pages/about.html.erb within layouts/application
  Rendered pages/about.html.erb within layouts/application (Duration: 0.4ms | Allocations: 74)
[Webpacker] Everything's up-to-date. Nothing to do
  Rendered layout layouts/application.html.erb (Duration: 19.2ms | Allocations: 3324)
Completed 200 OK in 22ms (Views: 21.4ms | Allocations: 3766)


Started GET "/" for ::1 at 2021-09-07 13:01:22 +0500
Processing by PagesController#index as HTML
  Rendering layout layouts/application.html.erb
  Rendering pages/index.html.erb within layouts/application
  Rendered pages/index.html.erb within layouts/application (Duration: 0.4ms | Allocations: 76)
[Webpacker] Everything's up-to-date. Nothing to do
  Rendered layout layouts/application.html.erb (Duration: 24.3ms | Allocations: 4059)
Completed 200 OK in 27ms (Views: 25.5ms | Allocations: 4502)


Started GET "/about" for ::1 at 2021-09-07 13:01:22 +0500
Processing by PagesController#about as HTML
  Rendering layout layouts/application.html.erb
  Rendering pages/about.html.erb within layouts/application
  Rendered pages/about.html.erb within layouts/application (Duration: 0.3ms | Allocations: 74)
[Webpacker] Everything's up-to-date. Nothing to do
  Rendered layout layouts/application.html.erb (Duration: 16.5ms | Allocations: 4050)
Completed 200 OK in 22ms (Views: 17.4ms | Allocations: 4493)


Started GET "/" for ::1 at 2021-09-07 13:13:07 +0500
Processing by PagesController#index as HTML
  Rendering layout layouts/application.html.erb
  Rendering pages/index.html.erb within layouts/application
  Rendered pages/index.html.erb within layouts/application (Duration: 5.6ms | Allocations: 76)
[Webpacker] Everything's up-to-date. Nothing to do
  Rendered layout layouts/application.html.erb (Duration: 21.6ms | Allocations: 3336)
Completed 200 OK in 26ms (Views: 25.4ms | Allocations: 3775)


Started GET "/" for ::1 at 2021-09-07 13:13:08 +0500
Processing by PagesController#index as HTML
  Rendering layout layouts/application.html.erb
  Rendering pages/index.html.erb within layouts/application
  Rendered pages/index.html.erb within layouts/application (Duration: 0.4ms | Allocations: 76)
[Webpacker] Everything's up-to-date. Nothing to do
  Rendered layout layouts/application.html.erb (Duration: 11.0ms | Allocations: 3314)
Completed 200 OK in 13ms (Views: 12.3ms | Allocations: 3753)


Started GET "/" for ::1 at 2021-09-07 15:30:53 +0500
  [1m[35m (0.7ms)[0m  [1m[34mSELECT sqlite_version(*)[0m
Processing by PagesController#index as HTML
  Rendering layout layouts/application.html.erb
  Rendering pages/index.html.erb within layouts/application
  Rendered pages/index.html.erb within layouts/application (Duration: 1.5ms | Allocations: 522)
[Webpacker] Everything's up-to-date. Nothing to do
  Rendered layout layouts/application.html.erb (Duration: 61.6ms | Allocations: 15057)
Completed 200 OK in 73ms (Views: 64.6ms | ActiveRecord: 0.0ms | Allocations: 18714)


Started GET "/" for ::1 at 2021-09-07 16:07:04 +0500
Processing by PagesController#index as HTML
  Rendering layout layouts/application.html.erb
  Rendering pages/index.html.erb within layouts/application
  Rendered pages/index.html.erb within layouts/application (Duration: 0.4ms | Allocations: 102)
[Webpacker] Everything's up-to-date. Nothing to do
  Rendered layout layouts/application.html.erb (Duration: 78.9ms | Allocations: 3474)
Completed 200 OK in 81ms (Views: 79.9ms | Allocations: 4021)


Started GET "/about" for ::1 at 2021-09-07 16:07:05 +0500
Processing by PagesController#about as HTML
  Rendering layout layouts/application.html.erb
  Rendering pages/about.html.erb within layouts/application
  Rendered pages/about.html.erb within layouts/application (Duration: 0.9ms | Allocations: 181)
[Webpacker] Everything's up-to-date. Nothing to do
  Rendered layout layouts/application.html.erb (Duration: 10.6ms | Allocations: 3424)
Completed 200 OK in 14ms (Views: 12.7ms | Allocations: 4604)


Started GET "/" for ::1 at 2021-09-07 16:07:06 +0500
Processing by PagesController#index as HTML
  Rendering layout layouts/application.html.erb
  Rendering pages/index.html.erb within layouts/application
  Rendered pages/index.html.erb within layouts/application (Duration: 0.3ms | Allocations: 76)
[Webpacker] Everything's up-to-date. Nothing to do
  Rendered layout layouts/application.html.erb (Duration: 13.2ms | Allocations: 3316)
Completed 200 OK in 15ms (Views: 14.1ms | Allocations: 3762)


Started GET "/about" for ::1 at 2021-09-07 16:07:06 +0500
Processing by PagesController#about as HTML
  Rendering layout layouts/application.html.erb
  Rendering pages/about.html.erb within layouts/application
  Rendered pages/about.html.erb within layouts/application (Duration: 0.3ms | Allocations: 74)
[Webpacker] Everything's up-to-date. Nothing to do
  Rendered layout layouts/application.html.erb (Duration: 9.3ms | Allocations: 3314)
Completed 200 OK in 11ms (Views: 10.3ms | Allocations: 3761)


Started GET "/" for ::1 at 2021-09-07 16:07:07 +0500
Processing by PagesController#index as HTML
  Rendering layout layouts/application.html.erb
  Rendering pages/index.html.erb within layouts/application
  Rendered pages/index.html.erb within layouts/application (Duration: 0.4ms | Allocations: 76)
[Webpacker] Everything's up-to-date. Nothing to do
  Rendered layout layouts/application.html.erb (Duration: 14.8ms | Allocations: 3317)
Completed 200 OK in 17ms (Views: 15.7ms | Allocations: 3759)


Started GET "/about" for ::1 at 2021-09-07 16:07:07 +0500
Processing by PagesController#about as HTML
  Rendering layout layouts/application.html.erb
  Rendering pages/about.html.erb within layouts/application
  Rendered pages/about.html.erb within layouts/application (Duration: 0.4ms | Allocations: 74)
[Webpacker] Everything's up-to-date. Nothing to do
  Rendered layout layouts/application.html.erb (Duration: 11.6ms | Allocations: 3312)
Completed 200 OK in 14ms (Views: 12.8ms | Allocations: 3754)


Started GET "/" for ::1 at 2021-09-07 16:07:07 +0500
Processing by PagesController#index as HTML
  Rendering layout layouts/application.html.erb
  Rendering pages/index.html.erb within layouts/application
  Rendered pages/index.html.erb within layouts/application (Duration: 0.3ms | Allocations: 76)
[Webpacker] Everything's up-to-date. Nothing to do
  Rendered layout layouts/application.html.erb (Duration: 10.0ms | Allocations: 3314)
Completed 200 OK in 12ms (Views: 11.0ms | Allocations: 3756)


Started GET "/about" for ::1 at 2021-09-07 16:07:07 +0500
Processing by PagesController#about as HTML
  Rendering layout layouts/application.html.erb
  Rendering pages/about.html.erb within layouts/application
  Rendered pages/about.html.erb within layouts/application (Duration: 0.3ms | Allocations: 74)
[Webpacker] Everything's up-to-date. Nothing to do
  Rendered layout layouts/application.html.erb (Duration: 15.1ms | Allocations: 3312)
Completed 200 OK in 18ms (Views: 16.7ms | Allocations: 3754)


Started GET "/" for ::1 at 2021-09-07 19:04:44 +0500
  [1m[35m (0.7ms)[0m  [1m[34mSELECT sqlite_version(*)[0m
Processing by PagesController#index as HTML
  Rendering layout layouts/application.html.erb
  Rendering pages/index.html.erb within layouts/application
  Rendered pages/index.html.erb within layouts/application (Duration: 1.1ms | Allocations: 523)
[Webpacker] Everything's up-to-date. Nothing to do
  Rendered layout layouts/application.html.erb (Duration: 36.7ms | Allocations: 15283)
Completed 200 OK in 58ms (Views: 39.5ms | ActiveRecord: 0.0ms | Allocations: 18941)


Started GET "/" for ::1 at 2021-09-07 19:04:45 +0500
Processing by PagesController#index as HTML
  Rendering layout layouts/application.html.erb
  Rendering pages/index.html.erb within layouts/application
  Rendered pages/index.html.erb within layouts/application (Duration: 0.3ms | Allocations: 93)
[Webpacker] Everything's up-to-date. Nothing to do
  Rendered layout layouts/application.html.erb (Duration: 15.6ms | Allocations: 3454)
Completed 200 OK in 17ms (Views: 16.5ms | ActiveRecord: 0.0ms | Allocations: 4006)


Started GET "/" for ::1 at 2021-09-07 19:27:46 +0500
Processing by PagesController#index as HTML
  Rendering layout layouts/application.html.erb
  Rendering pages/index.html.erb within layouts/application
  Rendered pages/index.html.erb within layouts/application (Duration: 0.4ms | Allocations: 102)
[Webpacker] Everything's up-to-date. Nothing to do
  Rendered layout layouts/application.html.erb (Duration: 20.1ms | Allocations: 3478)
Completed 200 OK in 22ms (Views: 21.1ms | Allocations: 4023)


